Symlinking /home/cj/Desktop/ws_moveit/devel/lib/libmoveit_lerp_planner_plugin.so.0.1.0
Symlinking /home/cj/Desktop/ws_moveit/devel/lib/libmoveit_lerp_planner_plugin.so
Symlinking /home/cj/Desktop/ws_moveit/devel/lib/libinteractivity_utils.so
Symlinking /home/cj/Desktop/ws_moveit/devel/lib/libcontroller_manager_example.so
Symlinking /home/cj/Desktop/ws_moveit/devel/lib/pkgconfig/moveit_tutorials.pc
Symlinking /home/cj/Desktop/ws_moveit/devel/lib/moveit_tutorials/collision_scene_example.py
Symlinking /home/cj/Desktop/ws_moveit/devel/lib/moveit_tutorials/move_group_python_interface_tutorial.py
Symlinking /home/cj/Desktop/ws_moveit/devel/lib/moveit_tutorials/visualizing_collisions_tutorial
Symlinking /home/cj/Desktop/ws_moveit/devel/lib/moveit_tutorials/planning_scene_tutorial
Symlinking /home/cj/Desktop/ws_moveit/devel/lib/moveit_tutorials/moveit_cpp_tutorial
Symlinking /home/cj/Desktop/ws_moveit/devel/lib/moveit_tutorials/ros_api_tutorial
Symlinking /home/cj/Desktop/ws_moveit/devel/lib/moveit_tutorials/motion_planning_pipeline_tutorial
Symlinking /home/cj/Desktop/ws_moveit/devel/lib/moveit_tutorials/bullet_collision_checker_tutorial
Symlinking /home/cj/Desktop/ws_moveit/devel/lib/moveit_tutorials/motion_planning_api_tutorial
Symlinking /home/cj/Desktop/ws_moveit/devel/lib/moveit_tutorials/detect_and_add_cylinder_collision_object_demo
Symlinking /home/cj/Desktop/ws_moveit/devel/lib/moveit_tutorials/robot_model_and_robot_state_tutorial
Symlinking /home/cj/Desktop/ws_moveit/devel/lib/moveit_tutorials/subframes_tutorial
Symlinking /home/cj/Desktop/ws_moveit/devel/lib/moveit_tutorials/lerp_example
Symlinking /home/cj/Desktop/ws_moveit/devel/lib/moveit_tutorials/pick_place_tutorial
Symlinking /home/cj/Desktop/ws_moveit/devel/lib/moveit_tutorials/planning_scene_ros_api_tutorial
Symlinking /home/cj/Desktop/ws_moveit/devel/lib/moveit_tutorials/trajopt_example
Symlinking /home/cj/Desktop/ws_moveit/devel/lib/moveit_tutorials/bag_publisher_maintain_time
Symlinking /home/cj/Desktop/ws_moveit/devel/lib/moveit_tutorials/state_display_tutorial
Symlinking /home/cj/Desktop/ws_moveit/devel/lib/moveit_tutorials/move_group_interface_tutorial
Symlinking /home/cj/Desktop/ws_moveit/devel/lib/moveit_tutorials/cmake.lock
Symlinking /home/cj/Desktop/ws_moveit/devel/share/moveit_tutorials/cmake/moveit_tutorialsConfig-version.cmake
Symlinking /home/cj/Desktop/ws_moveit/devel/share/moveit_tutorials/cmake/moveit_tutorialsConfig.cmake
