Performing C SOURCE FILE Test CMAKE_HAVE_LIBC_PTHREAD failed with the following output:
Change Dir: /home/cj/Desktop/ros/catkin_ws/src/mbot-description/build/CMakeFiles/CMakeTmp

Run Build Command(s):/usr/bin/make cmTC_52154/fast && /usr/bin/make -f CMakeFiles/cmTC_52154.dir/build.make CMakeFiles/cmTC_52154.dir/build
make[1]: 进入目录“/home/cj/Desktop/ros/catkin_ws/src/mbot-description/build/CMakeFiles/CMakeTmp”
Building C object CMakeFiles/cmTC_52154.dir/src.c.o
/usr/bin/gcc   -DCMAKE_HAVE_LIBC_PTHREAD   -o CMakeFiles/cmTC_52154.dir/src.c.o   -c /home/cj/Desktop/ros/catkin_ws/src/mbot-description/build/CMakeFiles/CMakeTmp/src.c
Linking C executable cmTC_52154
/usr/bin/cmake -E cmake_link_script CMakeFiles/cmTC_52154.dir/link.txt --verbose=1
/usr/bin/gcc  -DCMAKE_HAVE_LIBC_PTHREAD    -rdynamic CMakeFiles/cmTC_52154.dir/src.c.o  -o cmTC_52154 
/usr/bin/ld: CMakeFiles/cmTC_52154.dir/src.c.o: in function `main':
src.c:(.text+0x46): undefined reference to `pthread_create'
/usr/bin/ld: src.c:(.text+0x52): undefined reference to `pthread_detach'
/usr/bin/ld: src.c:(.text+0x63): undefined reference to `pthread_join'
collect2: error: ld returned 1 exit status
make[1]: *** [CMakeFiles/cmTC_52154.dir/build.make:87：cmTC_52154] 错误 1
make[1]: 离开目录“/home/cj/Desktop/ros/catkin_ws/src/mbot-description/build/CMakeFiles/CMakeTmp”
make: *** [Makefile:121：cmTC_52154/fast] 错误 2


Source file was:
#include <pthread.h>

void* test_func(void* data)
{
  return data;
}

int main(void)
{
  pthread_t thread;
  pthread_create(&thread, NULL, test_func, NULL);
  pthread_detach(thread);
  pthread_join(thread, NULL);
  pthread_atfork(NULL, NULL, NULL);
  pthread_exit(NULL);

  return 0;
}

Determining if the function pthread_create exists in the pthreads failed with the following output:
Change Dir: /home/cj/Desktop/ros/catkin_ws/src/mbot-description/build/CMakeFiles/CMakeTmp

Run Build Command(s):/usr/bin/make cmTC_25f19/fast && /usr/bin/make -f CMakeFiles/cmTC_25f19.dir/build.make CMakeFiles/cmTC_25f19.dir/build
make[1]: 进入目录“/home/cj/Desktop/ros/catkin_ws/src/mbot-description/build/CMakeFiles/CMakeTmp”
Building C object CMakeFiles/cmTC_25f19.dir/CheckFunctionExists.c.o
/usr/bin/gcc   -DCHECK_FUNCTION_EXISTS=pthread_create   -o CMakeFiles/cmTC_25f19.dir/CheckFunctionExists.c.o   -c /usr/share/cmake-3.16/Modules/CheckFunctionExists.c
Linking C executable cmTC_25f19
/usr/bin/cmake -E cmake_link_script CMakeFiles/cmTC_25f19.dir/link.txt --verbose=1
/usr/bin/gcc  -DCHECK_FUNCTION_EXISTS=pthread_create    -rdynamic CMakeFiles/cmTC_25f19.dir/CheckFunctionExists.c.o  -o cmTC_25f19  -lpthreads 
/usr/bin/ld: 找不到 -lpthreads
collect2: error: ld returned 1 exit status
make[1]: *** [CMakeFiles/cmTC_25f19.dir/build.make:87：cmTC_25f19] 错误 1
make[1]: 离开目录“/home/cj/Desktop/ros/catkin_ws/src/mbot-description/build/CMakeFiles/CMakeTmp”
make: *** [Makefile:121：cmTC_25f19/fast] 错误 2



